2022-11-06 16:32:52,846 INFO ✅ my.energo-pro.ge available.
2022-11-06 16:32:52,856 INFO ====== WebDriver manager ======
2022-11-06 16:32:52,902 INFO Get LATEST chromedriver version for google-chrome 107.0.5304
2022-11-06 16:32:53,293 INFO About to download new driver from https://chromedriver.storage.googleapis.com/107.0.5304.62/chromedriver_linux64.zip
2022-11-06 16:32:56,005 INFO Driver has been saved in cache [/home/sasha/.wdm/drivers/chromedriver/linux64/107.0.5304]
2022-11-06 16:32:56,882 INFO ✅ Driver init.
2022-11-06 16:32:58,644 INFO ✅ my.energo-pro.ge ready.
2022-11-06 16:32:59,867 INFO ✅ Target city found.
2022-11-06 16:32:59,923 INFO ✅ Target city has announcement.
2022-11-06 16:32:59,953 INFO ✅ Element found.
2022-11-06 16:35:32,844 INFO ✅ my.energo-pro.ge available.
2022-11-06 16:35:32,866 INFO ====== WebDriver manager ======
2022-11-06 16:35:32,967 INFO Get LATEST chromedriver version for google-chrome 107.0.5304
2022-11-06 16:35:33,638 INFO Driver [/home/sasha/.wdm/drivers/chromedriver/linux64/107.0.5304/chromedriver] found in cache
2022-11-06 16:35:34,503 INFO ✅ Driver init.
2022-11-06 16:35:37,260 INFO ✅ my.energo-pro.ge ready.
2022-11-06 16:35:38,412 INFO ✅ Target city found.
2022-11-06 16:35:38,465 INFO ✅ Target city has announcement.
2022-11-06 16:35:38,504 INFO ✅ Element found.
2022-11-06 16:35:40,224 ERROR ❌ Element not found.
2022-11-06 16:41:05,980 INFO ✅ my.energo-pro.ge available.
2022-11-06 16:41:05,993 INFO ====== WebDriver manager ======
2022-11-06 16:41:06,081 INFO Get LATEST chromedriver version for google-chrome 107.0.5304
2022-11-06 16:41:06,544 INFO Driver [/home/sasha/.wdm/drivers/chromedriver/linux64/107.0.5304/chromedriver] found in cache
2022-11-06 16:41:07,543 INFO ✅ Driver init.
2022-11-06 16:41:09,329 INFO ✅ my.energo-pro.ge ready.
2022-11-06 16:41:10,513 INFO ✅ Target city found.
2022-11-06 16:41:10,586 INFO ✅ Target city has announcement.
2022-11-06 16:41:10,619 INFO ✅ Element found.
2022-11-06 16:41:12,361 ERROR ❌ Element not found.
2022-11-06 16:46:30,163 INFO ✅ my.energo-pro.ge available.
2022-11-06 16:46:30,186 INFO ====== WebDriver manager ======
2022-11-06 16:46:30,246 INFO Get LATEST chromedriver version for google-chrome 107.0.5304
2022-11-06 16:46:30,707 INFO Driver [/home/sasha/.wdm/drivers/chromedriver/linux64/107.0.5304/chromedriver] found in cache
2022-11-06 16:46:31,720 INFO ✅ Driver init.
2022-11-06 16:46:33,427 INFO ✅ my.energo-pro.ge ready.
2022-11-06 16:46:34,604 INFO ✅ Target city found.
2022-11-06 16:46:34,672 INFO ✅ Target city has announcement.
2022-11-06 16:46:34,709 INFO ✅ Element found.
2022-11-06 16:46:36,455 ERROR ❌ Element not found.
2022-11-06 16:53:33,869 INFO ✅ my.energo-pro.ge available.
2022-11-06 16:53:33,893 INFO ====== WebDriver manager ======
2022-11-06 16:53:33,950 INFO Get LATEST chromedriver version for google-chrome 107.0.5304
2022-11-06 16:53:34,427 INFO Driver [/home/sasha/.wdm/drivers/chromedriver/linux64/107.0.5304/chromedriver] found in cache
2022-11-06 16:53:35,359 INFO ✅ Driver init.
2022-11-06 16:53:37,094 INFO ✅ my.energo-pro.ge ready.
2022-11-06 16:53:38,282 INFO ✅ Target city found.
2022-11-06 16:53:38,333 INFO ✅ Target city has announcement.
2022-11-06 16:53:38,373 INFO ✅ Element found.
2022-11-06 16:56:50,400 INFO ✅ my.energo-pro.ge available.
2022-11-06 16:56:50,411 INFO ====== WebDriver manager ======
2022-11-06 16:56:50,472 INFO Get LATEST chromedriver version for google-chrome 107.0.5304
2022-11-06 16:56:50,837 INFO Driver [/home/sasha/.wdm/drivers/chromedriver/linux64/107.0.5304/chromedriver] found in cache
2022-11-06 16:56:51,826 INFO ✅ Driver init.
2022-11-06 16:56:53,430 INFO ✅ my.energo-pro.ge ready.
2022-11-06 16:56:54,766 INFO ✅ Target city found.
2022-11-06 16:56:54,838 INFO ✅ Target city has announcement.
2022-11-06 16:56:54,879 INFO ✅ Element found.
2022-11-06 16:56:57,139 ERROR ❌ Element not found.
2022-11-06 17:22:06,855 INFO ✅ my.energo-pro.ge available.
2022-11-06 17:22:06,856 INFO ====== WebDriver manager ======
2022-11-06 17:22:06,933 INFO Get LATEST chromedriver version for google-chrome 107.0.5304
2022-11-06 17:22:07,407 INFO Driver [/home/sasha/.wdm/drivers/chromedriver/linux64/107.0.5304/chromedriver] found in cache
2022-11-06 17:22:08,308 INFO ✅ Driver init.
2022-11-06 17:22:10,036 INFO ✅ my.energo-pro.ge ready.
2022-11-06 17:22:11,216 INFO ✅ Target city found.
2022-11-06 17:22:11,272 INFO ✅ Target city has announcement.
2022-11-06 17:22:11,300 INFO ✅ Element found.
2022-11-06 17:22:13,351 ERROR ❌ Element not found.
2022-11-06 17:23:15,984 INFO ✅ my.energo-pro.ge available.
2022-11-06 17:23:15,986 INFO ====== WebDriver manager ======
2022-11-06 17:23:16,089 INFO Get LATEST chromedriver version for google-chrome 107.0.5304
2022-11-06 17:23:16,478 INFO Driver [/home/sasha/.wdm/drivers/chromedriver/linux64/107.0.5304/chromedriver] found in cache
2022-11-06 17:23:17,352 INFO ✅ Driver init.
2022-11-06 17:23:19,303 INFO ✅ my.energo-pro.ge ready.
2022-11-06 17:23:20,463 INFO ✅ Target city found.
2022-11-06 17:23:20,517 INFO ✅ Target city has announcement.
2022-11-06 17:23:20,544 INFO ✅ Element found.
2022-11-06 17:23:22,792 ERROR ❌ Element not found.
2022-11-06 19:22:51,627 INFO ✅ my.energo-pro.ge available.
2022-11-06 19:22:51,628 INFO ====== WebDriver manager ======
2022-11-06 19:22:51,715 INFO Get LATEST chromedriver version for google-chrome 107.0.5304
2022-11-06 19:22:52,172 INFO Driver [/home/sasha/.wdm/drivers/chromedriver/linux64/107.0.5304/chromedriver] found in cache
2022-11-06 19:22:53,049 INFO ✅ Driver init.
2022-11-06 19:22:54,558 INFO ✅ my.energo-pro.ge ready.
2022-11-06 19:22:55,775 INFO ✅ Target city found.
2022-11-06 19:22:55,807 INFO ✅ Target city has announcement.
2022-11-06 19:22:55,857 INFO ✅ Element found.
2022-11-06 19:22:58,161 ERROR ❌ Element not found.
2022-11-06 19:29:42,895 INFO ✅ my.energo-pro.ge available.
2022-11-06 19:29:42,895 INFO ====== WebDriver manager ======
2022-11-06 19:29:42,944 INFO Get LATEST chromedriver version for google-chrome 107.0.5304
2022-11-06 19:29:43,421 INFO Driver [/home/sasha/.wdm/drivers/chromedriver/linux64/107.0.5304/chromedriver] found in cache
2022-11-06 19:29:44,316 INFO ✅ Driver init.
2022-11-06 19:29:45,833 INFO ✅ my.energo-pro.ge ready.
2022-11-06 19:29:47,066 INFO ✅ Target city found.
2022-11-06 19:29:47,116 INFO ✅ Target city has announcement.
2022-11-06 19:29:47,145 INFO ✅ Element found.
2022-11-06 19:29:49,356 ERROR ❌ Element not found.
2022-11-08 00:00:07,677 INFO ✅ my.energo-pro.ge available.
2022-11-08 00:00:07,678 INFO ====== WebDriver manager ======
2022-11-08 00:00:07,755 INFO Get LATEST chromedriver version for google-chrome 107.0.5304
2022-11-08 00:00:08,184 INFO About to download new driver from https://chromedriver.storage.googleapis.com/107.0.5304.62/chromedriver_linux64.zip
2022-11-08 00:00:11,936 INFO Driver has been saved in cache [/home/sasha/.wdm/drivers/chromedriver/linux64/107.0.5304]
2022-11-08 00:00:12,840 INFO ✅ Driver init.
2022-11-08 00:00:49,318 INFO ✅ my.energo-pro.ge ready.
2022-11-08 00:00:50,494 INFO ✅ Target city found.
2022-11-08 00:00:50,529 INFO ✅ Target city has announcement.
2022-11-08 00:00:50,595 INFO ✅ Element found.
2022-11-08 00:00:53,824 INFO ✅ my.energo-pro.ge available.
2022-11-08 00:00:53,824 INFO ====== WebDriver manager ======
2022-11-08 00:00:53,920 INFO Get LATEST chromedriver version for google-chrome 107.0.5304
2022-11-08 00:00:54,295 INFO Driver [/home/sasha/.wdm/drivers/chromedriver/linux64/107.0.5304/chromedriver] found in cache
2022-11-08 00:00:55,196 INFO ✅ Driver init.
2022-11-08 00:00:57,712 INFO ✅ my.energo-pro.ge ready.
2022-11-08 00:00:58,954 INFO ✅ Target city found.
2022-11-08 00:00:58,991 INFO ✅ Target city has announcement.
2022-11-08 00:00:59,053 INFO ✅ Element found.
2022-11-08 00:01:01,281 INFO ✅ Element found.
2022-11-08 00:01:02,334 INFO ✅ Element found.
2022-11-08 00:01:03,423 INFO ✅ Element found.
2022-11-08 00:01:03,483 ERROR ❌ Element not found.
2022-11-08 00:06:07,510 INFO ✅ my.energo-pro.ge available.
2022-11-08 00:06:07,512 INFO ====== WebDriver manager ======
2022-11-08 00:06:07,608 INFO Get LATEST chromedriver version for google-chrome 107.0.5304
2022-11-08 00:06:08,038 INFO Driver [/home/sasha/.wdm/drivers/chromedriver/linux64/107.0.5304/chromedriver] found in cache
2022-11-08 00:06:09,033 INFO ✅ Driver init.
2022-11-08 00:06:30,479 INFO ✅ my.energo-pro.ge available.
2022-11-08 00:06:30,480 INFO ====== WebDriver manager ======
2022-11-08 00:06:30,525 INFO Get LATEST chromedriver version for google-chrome 107.0.5304
2022-11-08 00:06:30,836 INFO Driver [/home/sasha/.wdm/drivers/chromedriver/linux64/107.0.5304/chromedriver] found in cache
2022-11-08 00:06:31,766 INFO ✅ Driver init.
2022-11-08 00:06:36,830 INFO ✅ my.energo-pro.ge ready.
2022-11-08 00:06:38,033 INFO ✅ Target city found.
2022-11-08 00:06:38,095 INFO ✅ Target city has announcement.
2022-11-08 00:06:38,136 INFO ✅ Element found.
2022-11-08 00:06:40,357 INFO ✅ Element found.
2022-11-08 00:06:42,533 INFO ✅ Element found.
2022-11-08 00:06:44,763 INFO ✅ Element found.
2022-11-08 00:06:46,437 ERROR ❌ Element not found.
2022-11-08 00:09:00,026 INFO ✅ my.energo-pro.ge available.
2022-11-08 00:09:00,027 INFO ====== WebDriver manager ======
2022-11-08 00:09:00,115 INFO Get LATEST chromedriver version for google-chrome 107.0.5304
2022-11-08 00:09:00,575 INFO Driver [/home/sasha/.wdm/drivers/chromedriver/linux64/107.0.5304/chromedriver] found in cache
2022-11-08 00:09:01,495 INFO ✅ Driver init.
2022-11-08 00:09:03,281 INFO ✅ my.energo-pro.ge ready.
2022-11-08 00:09:04,471 INFO ✅ Target city found.
2022-11-08 00:09:04,500 INFO ✅ Target city has announcement.
2022-11-08 00:09:04,562 INFO ✅ Element found.
2022-11-08 00:09:06,807 INFO ✅ Element found.
2022-11-08 00:09:09,044 INFO ✅ Element found.
2022-11-08 00:09:11,242 INFO ✅ Element found.
2022-11-08 00:09:13,528 ERROR ❌ Element not found.
